D:\MathGame\MathGame\MathGameProject\MathGameProject\Debug\cl.command.1.tlog
D:\MathGame\MathGame\MathGameProject\MathGameProject\Debug\CL.read.1.tlog
D:\MathGame\MathGame\MathGameProject\MathGameProject\Debug\CL.write.1.tlog
D:\MATHGAME\MATHGAME\MATHGAMEPROJECT\MATHGAMEPROJECT\DEBUG\EXERCISE.OBJ
D:\MATHGAME\MATHGAME\MATHGAMEPROJECT\MATHGAMEPROJECT\DEBUG\GAMEMANAGER.OBJ
D:\MATHGAME\MATHGAME\MATHGAMEPROJECT\MATHGAMEPROJECT\DEBUG\IO_UTILS.OBJ
D:\MathGame\MathGame\MathGameProject\MathGameProject\Debug\link.command.1.tlog
D:\MathGame\MathGame\MathGameProject\MathGameProject\Debug\link.read.1.tlog
D:\MathGame\MathGame\MathGameProject\MathGameProject\Debug\link.write.1.tlog
D:\MATHGAME\MATHGAME\MATHGAMEPROJECT\MATHGAMEPROJECT\DEBUG\MAIN.OBJ
D:\MATHGAME\MATHGAME\MATHGAMEPROJECT\MATHGAMEPROJECT\DEBUG\MATHGAMEPROJECT.EXE
D:\MathGame\MathGame\MathGameProject\MathGameProject\Debug\MathGameProject.exe.intermediate.manifest
D:\MathGame\MathGame\MathGameProject\MathGameProject\Debug\MathGameProject.pdb
D:\MathGame\MathGame\MathGameProject\MathGameProject\Debug\MathGameProject.vcxprojResolveAssemblyReference.cache
D:\MathGame\MathGame\MathGameProject\MathGameProject\Debug\MathGameProject.write.1.tlog
D:\MathGame\MathGame\MathGameProject\MathGameProject\Debug\mt.command.1.tlog
D:\MathGame\MathGame\MathGameProject\MathGameProject\Debug\mt.read.1.tlog
D:\MathGame\MathGame\MathGameProject\MathGameProject\Debug\mt.write.1.tlog
D:\MATHGAME\MATHGAME\MATHGAMEPROJECT\MATHGAMEPROJECT\DEBUG\NUMBER.OBJ
D:\MATHGAME\MATHGAME\MATHGAMEPROJECT\MATHGAMEPROJECT\DEBUG\PLAYER.OBJ
D:\MATHGAME\MATHGAME\MATHGAMEPROJECT\MATHGAMEPROJECT\DEBUG\SCREENMATRIX.OBJ
D:\MATHGAME\MATHGAME\MATHGAMEPROJECT\MATHGAMEPROJECT\DEBUG\STATUSBAR.OBJ
D:\MathGame\MathGame\MathGameProject\MathGameProject\Debug\vc100.idb
D:\MATHGAME\MATHGAME\MATHGAMEPROJECT\MATHGAMEPROJECT\DEBUG\VC100.PDB
